<?xml version="1.0" encoding="UTF-8"?>
<testsuite xmlns:xsi="http://www.w3.org/2001/XMLSchema-instance" xsi:noNamespaceSchemaLocation="https://maven.apache.org/surefire/maven-surefire-plugin/xsd/surefire-test-report.xsd" name="firstTest.junitTest.TestJunit" time="0.021" tests="2" errors="0" skipped="0" failures="1">
  <properties>
[...]
</properties>
  <testcase name="testPrintMessage1" classname="firstTest.junitTest.TestJunit" time="0.015">
    <failure message="expected:&lt;Hello World[ hai]&gt; but was:&lt;Hello World[]&gt;" type="org.junit.ComparisonFailure"><![CDATA[org.junit.ComparisonFailure: expected:<Hello World[ hai]> but was:<Hello World[]>
	at firstTest.junitTest.TestJunit.testPrintMessage1(TestJunit.java:17)
]]></failure>
    <system-out><![CDATA[Hello World
]]></system-out>
  </testcase>
  <testcase name="testPrintMessage" classname="firstTest.junitTest.TestJunit" time="0.001"/>
</testsuite>